Report for all the products read from .csv files.
The products are: 
Oreo has a price of 7RON.
The promotions for this product are as follows: 
   MONDAY: 0%;
  TUESDAY: 5%;
WEDNESDAY: 0%;
 THURSDAY: 10%;
   FRIDAY: 0%;
 SATURDAY: 0%;
   SUNDAY: 0%.

Milka has a price of 10RON.
The promotions for this product are as follows: 
   MONDAY: 0%;
  TUESDAY: 5%;
WEDNESDAY: 0%;
 THURSDAY: 20%;
   FRIDAY: 0%;
 SATURDAY: 10%;
   SUNDAY: 0%.

Nutella has a price of 14RON.
The promotions for this product are as follows: 
   MONDAY: 0%;
  TUESDAY: 5%;
WEDNESDAY: 0%;
 THURSDAY: 20%;
   FRIDAY: 0%;
 SATURDAY: 10%;
   SUNDAY: 0%.

Mars has a price of 20RON.
The promotions for this product are as follows: 
   MONDAY: 10%;
  TUESDAY: 0%;
WEDNESDAY: 0%;
 THURSDAY: 10%;
   FRIDAY: 5%;
 SATURDAY: 0%;
   SUNDAY: 0%.

Choco duo has a price of 5RON.
The promotions for this product are as follows: 
   MONDAY: 0%;
  TUESDAY: 0%;
WEDNESDAY: 5%;
 THURSDAY: 0%;
   FRIDAY: 0%;
 SATURDAY: 0%;
   SUNDAY: 0%.

